<?xml version="1.0" encoding="UTF-8"?>
<!-- Generated by org.testng.reporters.JUnitXMLReporter -->
<testsuite ignored="1" hostname="Manchana-PC" failures="0" tests="1" name="testng" time="8.187" errors="0" timestamp="2024-01-05T21:28:48 CST">
  <testcase classname="MavenProjectGroup.MavenLifeCycleAndGoals.AppTest" name="shouldAnswerWithTrue" time="0.044"/>
  <testcase classname="MavenProjectGroup.MavenLifeCycleAndGoals.AppTest" name="shouldAnswerWithFalse" time="0.0">
    <ignored/>
  </testcase> <!-- shouldAnswerWithFalse -->
</testsuite> <!-- testng -->
